2026-03-13 12:02:05 INFO  base.BaseTest - Launching browser
2026-03-13 12:02:21 INFO  base.BaseTest - Starting ParaBank End-to-End Test
2026-03-13 12:02:24 INFO  base.BaseTest - Closing browser
2026-03-13 12:02:50 INFO  base.BaseTest - Launching browser
2026-03-13 12:02:55 INFO  base.BaseTest - Starting ParaBank End-to-End Test
2026-03-13 12:02:57 INFO  base.BaseTest - Closing browser
2026-03-13 12:04:24 INFO  base.BaseTest - Launching browser
2026-03-13 12:04:33 INFO  base.BaseTest - Starting ParaBank End-to-End Test
2026-03-13 12:04:46 INFO  base.BaseTest - Login successful
2026-03-13 12:04:46 INFO  base.BaseTest - End to End test completed successfully
2026-03-13 12:04:46 INFO  base.BaseTest - Closing browser
2026-03-13 12:15:11 INFO  base.BaseTest - Launching browser
2026-03-13 12:15:19 INFO  base.BaseTest - Starting Invalid Login Test
2026-03-13 12:15:25 INFO  base.BaseTest - Closing browser
2026-03-13 12:15:26 INFO  base.BaseTest - Launching browser
2026-03-13 12:15:29 INFO  base.BaseTest - Starting ParaBank End-to-End Test
2026-03-13 12:15:40 INFO  base.BaseTest - Login successful
2026-03-13 12:15:40 INFO  base.BaseTest - End to End test completed successfully
2026-03-13 12:15:40 INFO  base.BaseTest - Closing browser
2026-03-13 12:16:00 INFO  base.BaseTest - Launching browser
2026-03-13 12:16:06 INFO  base.BaseTest - Starting Invalid Login Test
2026-03-13 12:16:09 INFO  base.BaseTest - Closing browser
2026-03-13 12:16:10 INFO  base.BaseTest - Launching browser
2026-03-13 12:16:14 INFO  base.BaseTest - Starting ParaBank End-to-End Test
2026-03-13 12:16:16 INFO  base.BaseTest - Closing browser
2026-03-13 12:16:34 INFO  base.BaseTest - Launching browser
2026-03-13 12:16:39 INFO  base.BaseTest - Starting Invalid Login Test
2026-03-13 12:16:43 INFO  base.BaseTest - Closing browser
2026-03-13 12:16:43 INFO  base.BaseTest - Launching browser
2026-03-13 12:16:47 INFO  base.BaseTest - Starting ParaBank End-to-End Test
2026-03-13 12:16:56 INFO  base.BaseTest - Login successful
2026-03-13 12:16:56 INFO  base.BaseTest - End to End test completed successfully
2026-03-13 12:16:56 INFO  base.BaseTest - Closing browser
2026-03-13 12:19:27 INFO  base.BaseTest - Launching browser
2026-03-13 12:19:38 INFO  base.BaseTest - Starting Invalid Login Test
2026-03-13 12:19:43 INFO  base.BaseTest - Closing browser
2026-03-13 12:19:45 INFO  base.BaseTest - Launching browser
2026-03-13 12:19:50 INFO  base.BaseTest - Starting ParaBank End-to-End Test
2026-03-13 12:20:01 INFO  base.BaseTest - Login successful
2026-03-13 12:20:01 INFO  base.BaseTest - End to End test completed successfully
2026-03-13 12:20:01 INFO  base.BaseTest - Closing browser
2026-03-13 12:24:44 INFO  base.BaseTest - Launching browser
2026-03-13 12:24:53 INFO  base.BaseTest - Starting Invalid Login Test
2026-03-13 12:24:58 INFO  base.BaseTest - Closing browser
2026-03-13 12:24:58 INFO  base.BaseTest - Launching browser
2026-03-13 12:25:03 INFO  base.BaseTest - Starting ParaBank End-to-End Test
2026-03-13 12:25:16 INFO  base.BaseTest - Login successful
2026-03-13 12:25:16 INFO  base.BaseTest - End to End test completed successfully
2026-03-13 12:25:16 INFO  base.BaseTest - Closing browser
2026-03-13 12:26:57 INFO  base.BaseTest - Launching browser
2026-03-13 12:27:04 INFO  base.BaseTest - Starting Invalid Login Test
2026-03-13 12:27:08 INFO  base.BaseTest - Closing browser
2026-03-13 12:27:08 INFO  base.BaseTest - Launching browser
2026-03-13 12:27:13 INFO  base.BaseTest - Starting ParaBank End-to-End Test
2026-03-13 12:27:23 INFO  base.BaseTest - Login successful
2026-03-13 12:27:23 INFO  base.BaseTest - End to End test completed successfully
2026-03-13 12:27:23 INFO  base.BaseTest - Closing browser
2026-03-13 12:27:44 INFO  base.BaseTest - Launching browser
2026-03-13 12:27:50 INFO  base.BaseTest - Starting ParaBank End-to-End Test
2026-03-13 12:27:58 INFO  base.BaseTest - Login successful
2026-03-13 12:27:58 INFO  base.BaseTest - End to End test completed successfully
2026-03-13 12:27:58 INFO  base.BaseTest - Closing browser
2026-03-13 12:31:37 INFO  base.BaseTest - Launching browser
2026-03-13 12:31:45 INFO  base.BaseTest - Starting ParaBank End-to-End Test
2026-03-13 12:31:50 INFO  base.BaseTest - Registration successful
2026-03-13 12:31:56 INFO  base.BaseTest - Login successful
2026-03-13 12:31:56 INFO  base.BaseTest - End to End test completed successfully
2026-03-13 12:31:56 INFO  base.BaseTest - Closing browser
2026-03-13 12:33:51 INFO  base.BaseTest - Launching browser
2026-03-13 12:33:59 INFO  base.BaseTest - Starting ParaBank End-to-End Test
2026-03-13 12:34:06 INFO  base.BaseTest - Registration successful
2026-03-13 12:34:12 INFO  base.BaseTest - Login successful
2026-03-13 12:34:12 INFO  base.BaseTest - End to End test completed successfully
2026-03-13 12:34:12 INFO  base.BaseTest - Closing browser
2026-03-13 12:35:29 INFO  base.BaseTest - Launching browser
2026-03-13 12:35:35 INFO  base.BaseTest - Starting ParaBank End-to-End Test
2026-03-13 12:35:40 INFO  base.BaseTest - Registration successful
2026-03-13 12:35:45 INFO  base.BaseTest - Login successful
2026-03-13 12:35:45 INFO  base.BaseTest - End to End test completed successfully
2026-03-13 12:35:45 INFO  base.BaseTest - Closing browser
